{"C:\\Users\\ljpri\\OneDrive\\Desktop\\FiFa\\app\\public\\js\\simulation\\stadium.js": {"path":"C:\\Users\\ljpri\\OneDrive\\Desktop\\FiFa\\app\\public\\js\\simulation\\stadium.js","statementMap":{"0":{"start":{"line":1,"column":23},"end":{"line":17,"column":1}},"1":{"start":{"line":19,"column":27},"end":{"line":19,"column":70}},"2":{"start":{"line":19,"column":33},"end":{"line":19,"column":70}}},"fnMap":{"0":{"name":"(anonymous_0)","decl":{"start":{"line":19,"column":27},"end":{"line":19,"column":28}},"loc":{"start":{"line":19,"column":33},"end":{"line":19,"column":70}},"line":19}},"branchMap":{},"s":{"0":1,"1":1,"2":2},"f":{"0":2},"b":{},"_coverageSchema":"1a1c01bbd47fc00a2c39e90264f33305004495a9","hash":"35ba7b33c3df7fcc666786647982244a11a59362"}
,"C:\\Users\\ljpri\\OneDrive\\Desktop\\FiFa\\app\\server\\footballApi.js": {"path":"C:\\Users\\ljpri\\OneDrive\\Desktop\\FiFa\\app\\server\\footballApi.js","statementMap":{"0":{"start":{"line":4,"column":21},"end":{"line":4,"column":51}},"1":{"start":{"line":5,"column":22},"end":{"line":5,"column":56}},"2":{"start":{"line":6,"column":17},"end":{"line":6,"column":43}},"3":{"start":{"line":7,"column":21},"end":{"line":7,"column":27}},"4":{"start":{"line":10,"column":14},"end":{"line":10,"column":42}},"5":{"start":{"line":13,"column":22},"end":{"line":18,"column":16}},"6":{"start":{"line":20,"column":24},"end":{"line":23,"column":16}},"7":{"start":{"line":25,"column":23},"end":{"line":29,"column":16}},"8":{"start":{"line":31,"column":24},"end":{"line":34,"column":16}},"9":{"start":{"line":36,"column":24},"end":{"line":46,"column":16}},"10":{"start":{"line":48,"column":25},"end":{"line":54,"column":16}},"11":{"start":{"line":58,"column":15},"end":{"line":58,"column":30}},"12":{"start":{"line":59,"column":16},"end":{"line":59,"column":38}},"13":{"start":{"line":60,"column":16},"end":{"line":60,"column":32}},"14":{"start":{"line":61,"column":16},"end":{"line":61,"column":32}},"15":{"start":{"line":62,"column":16},"end":{"line":62,"column":36}},"16":{"start":{"line":64,"column":20},"end":{"line":64,"column":30}},"17":{"start":{"line":65,"column":16},"end":{"line":65,"column":54}},"18":{"start":{"line":66,"column":2},"end":{"line":67,"column":54}},"19":{"start":{"line":66,"column":60},"end":{"line":66,"column":81}},"20":{"start":{"line":67,"column":7},"end":{"line":67,"column":54}},"21":{"start":{"line":67,"column":33},"end":{"line":67,"column":54}},"22":{"start":{"line":69,"column":14},"end":{"line":69,"column":87}},"23":{"start":{"line":69,"column":21},"end":{"line":69,"column":87}},"24":{"start":{"line":70,"column":13},"end":{"line":70,"column":37}},"25":{"start":{"line":71,"column":13},"end":{"line":71,"column":37}},"26":{"start":{"line":73,"column":18},"end":{"line":73,"column":53}},"27":{"start":{"line":74,"column":12},"end":{"line":74,"column":29}},"28":{"start":{"line":75,"column":16},"end":{"line":75,"column":35}},"29":{"start":{"line":77,"column":2},"end":{"line":95,"column":4}},"30":{"start":{"line":100,"column":2},"end":{"line":100,"column":97}},"31":{"start":{"line":100,"column":85},"end":{"line":100,"column":97}},"32":{"start":{"line":101,"column":14},"end":{"line":107,"column":4}},"33":{"start":{"line":108,"column":2},"end":{"line":108,"column":61}},"34":{"start":{"line":108,"column":15},"end":{"line":108,"column":61}},"35":{"start":{"line":109,"column":2},"end":{"line":109,"column":20}},"36":{"start":{"line":113,"column":18},"end":{"line":113,"column":20}},"37":{"start":{"line":114,"column":2},"end":{"line":114,"column":44}},"38":{"start":{"line":114,"column":29},"end":{"line":114,"column":44}},"39":{"start":{"line":115,"column":2},"end":{"line":124,"column":3}},"40":{"start":{"line":116,"column":4},"end":{"line":123,"column":5}},"41":{"start":{"line":117,"column":22},"end":{"line":117,"column":46}},"42":{"start":{"line":118,"column":6},"end":{"line":122,"column":7}},"43":{"start":{"line":119,"column":8},"end":{"line":121,"column":38}},"44":{"start":{"line":120,"column":10},"end":{"line":120,"column":66}},"45":{"start":{"line":125,"column":2},"end":{"line":125,"column":17}},"46":{"start":{"line":132,"column":14},"end":{"line":132,"column":24}},"47":{"start":{"line":133,"column":15},"end":{"line":133,"column":37}},"48":{"start":{"line":135,"column":16},"end":{"line":135,"column":26}},"49":{"start":{"line":137,"column":22},"end":{"line":139,"column":3}},"50":{"start":{"line":138,"column":4},"end":{"line":138,"column":135}},"51":{"start":{"line":141,"column":19},"end":{"line":141,"column":37}},"52":{"start":{"line":142,"column":20},"end":{"line":142,"column":69}},"53":{"start":{"line":143,"column":21},"end":{"line":143,"column":74}},"54":{"start":{"line":144,"column":19},"end":{"line":144,"column":68}},"55":{"start":{"line":145,"column":19},"end":{"line":145,"column":72}},"56":{"start":{"line":148,"column":14},"end":{"line":148,"column":61}},"57":{"start":{"line":149,"column":14},"end":{"line":149,"column":46}},"58":{"start":{"line":150,"column":16},"end":{"line":150,"column":64}},"59":{"start":{"line":151,"column":16},"end":{"line":151,"column":59}},"60":{"start":{"line":152,"column":17},"end":{"line":152,"column":25}},"61":{"start":{"line":154,"column":24},"end":{"line":154,"column":33}},"62":{"start":{"line":155,"column":14},"end":{"line":155,"column":81}},"63":{"start":{"line":156,"column":16},"end":{"line":156,"column":97}},"64":{"start":{"line":157,"column":16},"end":{"line":157,"column":79}},"65":{"start":{"line":158,"column":17},"end":{"line":158,"column":31}},"66":{"start":{"line":160,"column":2},"end":{"line":295,"column":4}},"67":{"start":{"line":300,"column":2},"end":{"line":300,"column":68}},"68":{"start":{"line":300,"column":50},"end":{"line":300,"column":68}},"69":{"start":{"line":302,"column":16},"end":{"line":302,"column":20}},"70":{"start":{"line":304,"column":2},"end":{"line":321,"column":3}},"71":{"start":{"line":305,"column":4},"end":{"line":320,"column":5}},"72":{"start":{"line":306,"column":37},"end":{"line":309,"column":8}},"73":{"start":{"line":310,"column":18},"end":{"line":310,"column":20}},"74":{"start":{"line":311,"column":6},"end":{"line":311,"column":105}},"75":{"start":{"line":311,"column":61},"end":{"line":311,"column":105}},"76":{"start":{"line":312,"column":6},"end":{"line":312,"column":111}},"77":{"start":{"line":312,"column":65},"end":{"line":312,"column":111}},"78":{"start":{"line":314,"column":6},"end":{"line":317,"column":7}},"79":{"start":{"line":315,"column":21},"end":{"line":315,"column":30}},"80":{"start":{"line":316,"column":8},"end":{"line":316,"column":112}},"81":{"start":{"line":316,"column":36},"end":{"line":316,"column":74}},"82":{"start":{"line":316,"column":61},"end":{"line":316,"column":74}},"83":{"start":{"line":316,"column":75},"end":{"line":316,"column":95}},"84":{"start":{"line":316,"column":96},"end":{"line":316,"column":108}},"85":{"start":{"line":319,"column":6},"end":{"line":319,"column":83}},"86":{"start":{"line":323,"column":2},"end":{"line":325,"column":3}},"87":{"start":{"line":324,"column":4},"end":{"line":324,"column":33}},"88":{"start":{"line":327,"column":2},"end":{"line":327,"column":23}},"89":{"start":{"line":328,"column":2},"end":{"line":328,"column":46}},"90":{"start":{"line":329,"column":2},"end":{"line":329,"column":17}},"91":{"start":{"line":334,"column":2},"end":{"line":338,"column":3}},"92":{"start":{"line":335,"column":4},"end":{"line":335,"column":68}},"93":{"start":{"line":336,"column":4},"end":{"line":336,"column":66}},"94":{"start":{"line":337,"column":4},"end":{"line":337,"column":11}},"95":{"start":{"line":340,"column":2},"end":{"line":356,"column":3}},"96":{"start":{"line":341,"column":20},"end":{"line":341,"column":42}},"97":{"start":{"line":342,"column":24},"end":{"line":342,"column":101}},"98":{"start":{"line":344,"column":4},"end":{"line":344,"column":83}},"99":{"start":{"line":345,"column":4},"end":{"line":351,"column":8}},"100":{"start":{"line":353,"column":4},"end":{"line":353,"column":56}},"101":{"start":{"line":354,"column":4},"end":{"line":354,"column":68}},"102":{"start":{"line":355,"column":4},"end":{"line":355,"column":93}}},"fnMap":{"0":{"name":"transformMatch","decl":{"start":{"line":57,"column":9},"end":{"line":57,"column":23}},"loc":{"start":{"line":57,"column":31},"end":{"line":96,"column":1}},"line":57},"1":{"name":"(anonymous_1)","decl":{"start":{"line":69,"column":14},"end":{"line":69,"column":15}},"loc":{"start":{"line":69,"column":21},"end":{"line":69,"column":87}},"line":69},"2":{"name":"fetchCricBuzz","decl":{"start":{"line":99,"column":15},"end":{"line":99,"column":28}},"loc":{"start":{"line":99,"column":39},"end":{"line":110,"column":1}},"line":99},"3":{"name":"extractMatches","decl":{"start":{"line":112,"column":9},"end":{"line":112,"column":23}},"loc":{"start":{"line":112,"column":33},"end":{"line":126,"column":1}},"line":112},"4":{"name":"getSimulatedData","decl":{"start":{"line":131,"column":9},"end":{"line":131,"column":25}},"loc":{"start":{"line":131,"column":28},"end":{"line":296,"column":1}},"line":131},"5":{"name":"(anonymous_5)","decl":{"start":{"line":137,"column":22},"end":{"line":137,"column":23}},"loc":{"start":{"line":137,"column":29},"end":{"line":139,"column":3}},"line":137},"6":{"name":"getLiveMatches","decl":{"start":{"line":299,"column":15},"end":{"line":299,"column":29}},"loc":{"start":{"line":299,"column":32},"end":{"line":330,"column":1}},"line":299},"7":{"name":"(anonymous_7)","decl":{"start":{"line":316,"column":29},"end":{"line":316,"column":30}},"loc":{"start":{"line":316,"column":34},"end":{"line":316,"column":110}},"line":316},"8":{"name":"handleLiveMatches","decl":{"start":{"line":333,"column":22},"end":{"line":333,"column":39}},"loc":{"start":{"line":333,"column":59},"end":{"line":357,"column":1}},"line":333}},"branchMap":{"0":{"loc":{"start":{"line":4,"column":21},"end":{"line":4,"column":51}},"type":"binary-expr","locations":[{"start":{"line":4,"column":21},"end":{"line":4,"column":45}},{"start":{"line":4,"column":49},"end":{"line":4,"column":51}}],"line":4},"1":{"loc":{"start":{"line":59,"column":16},"end":{"line":59,"column":38}},"type":"binary-expr","locations":[{"start":{"line":59,"column":16},"end":{"line":59,"column":32}},{"start":{"line":59,"column":36},"end":{"line":59,"column":38}}],"line":59},"2":{"loc":{"start":{"line":60,"column":16},"end":{"line":60,"column":32}},"type":"binary-expr","locations":[{"start":{"line":60,"column":16},"end":{"line":60,"column":26}},{"start":{"line":60,"column":30},"end":{"line":60,"column":32}}],"line":60},"3":{"loc":{"start":{"line":61,"column":16},"end":{"line":61,"column":32}},"type":"binary-expr","locations":[{"start":{"line":61,"column":16},"end":{"line":61,"column":26}},{"start":{"line":61,"column":30},"end":{"line":61,"column":32}}],"line":61},"4":{"loc":{"start":{"line":62,"column":16},"end":{"line":62,"column":36}},"type":"binary-expr","locations":[{"start":{"line":62,"column":16},"end":{"line":62,"column":30}},{"start":{"line":62,"column":34},"end":{"line":62,"column":36}}],"line":62},"5":{"loc":{"start":{"line":65,"column":23},"end":{"line":65,"column":39}},"type":"binary-expr","locations":[{"start":{"line":65,"column":23},"end":{"line":65,"column":33}},{"start":{"line":65,"column":37},"end":{"line":65,"column":39}}],"line":65},"6":{"loc":{"start":{"line":66,"column":2},"end":{"line":67,"column":54}},"type":"if","locations":[{"start":{"line":66,"column":2},"end":{"line":67,"column":54}},{"start":{"line":67,"column":7},"end":{"line":67,"column":54}}],"line":66},"7":{"loc":{"start":{"line":66,"column":6},"end":{"line":66,"column":58}},"type":"binary-expr","locations":[{"start":{"line":66,"column":6},"end":{"line":66,"column":29}},{"start":{"line":66,"column":33},"end":{"line":66,"column":58}}],"line":66},"8":{"loc":{"start":{"line":67,"column":7},"end":{"line":67,"column":54}},"type":"if","locations":[{"start":{"line":67,"column":7},"end":{"line":67,"column":54}},{"start":{},"end":{}}],"line":67},"9":{"loc":{"start":{"line":69,"column":21},"end":{"line":69,"column":87}},"type":"cond-expr","locations":[{"start":{"line":69,"column":25},"end":{"line":69,"column":80}},{"start":{"line":69,"column":83},"end":{"line":69,"column":87}}],"line":69},"10":{"loc":{"start":{"line":69,"column":28},"end":{"line":69,"column":39}},"type":"binary-expr","locations":[{"start":{"line":69,"column":28},"end":{"line":69,"column":34}},{"start":{"line":69,"column":38},"end":{"line":69,"column":39}}],"line":69},"11":{"loc":{"start":{"line":69,"column":43},"end":{"line":69,"column":57}},"type":"binary-expr","locations":[{"start":{"line":69,"column":43},"end":{"line":69,"column":52}},{"start":{"line":69,"column":56},"end":{"line":69,"column":57}}],"line":69},"12":{"loc":{"start":{"line":69,"column":62},"end":{"line":69,"column":74}},"type":"binary-expr","locations":[{"start":{"line":69,"column":62},"end":{"line":69,"column":69}},{"start":{"line":69,"column":73},"end":{"line":69,"column":74}}],"line":69},"13":{"loc":{"start":{"line":73,"column":27},"end":{"line":73,"column":48}},"type":"binary-expr","locations":[{"start":{"line":73,"column":27},"end":{"line":73,"column":41}},{"start":{"line":73,"column":45},"end":{"line":73,"column":48}}],"line":73},"14":{"loc":{"start":{"line":79,"column":18},"end":{"line":79,"column":41}},"type":"binary-expr","locations":[{"start":{"line":79,"column":18},"end":{"line":79,"column":33}},{"start":{"line":79,"column":37},"end":{"line":79,"column":41}}],"line":79},"15":{"loc":{"start":{"line":79,"column":48},"end":{"line":79,"column":71}},"type":"binary-expr","locations":[{"start":{"line":79,"column":48},"end":{"line":79,"column":63}},{"start":{"line":79,"column":67},"end":{"line":79,"column":71}}],"line":79},"16":{"loc":{"start":{"line":81,"column":15},"end":{"line":81,"column":126}},"type":"cond-expr","locations":[{"start":{"line":81,"column":23},"end":{"line":81,"column":118}},{"start":{"line":81,"column":121},"end":{"line":81,"column":126}}],"line":81},"17":{"loc":{"start":{"line":82,"column":15},"end":{"line":82,"column":57}},"type":"cond-expr","locations":[{"start":{"line":82,"column":23},"end":{"line":82,"column":52}},{"start":{"line":82,"column":55},"end":{"line":82,"column":57}}],"line":82},"18":{"loc":{"start":{"line":83,"column":31},"end":{"line":83,"column":73}},"type":"cond-expr","locations":[{"start":{"line":83,"column":39},"end":{"line":83,"column":68}},{"start":{"line":83,"column":71},"end":{"line":83,"column":73}}],"line":83},"19":{"loc":{"start":{"line":84,"column":16},"end":{"line":84,"column":37}},"type":"binary-expr","locations":[{"start":{"line":84,"column":16},"end":{"line":84,"column":28}},{"start":{"line":84,"column":32},"end":{"line":84,"column":37}}],"line":84},"20":{"loc":{"start":{"line":85,"column":10},"end":{"line":85,"column":26}},"type":"binary-expr","locations":[{"start":{"line":85,"column":10},"end":{"line":85,"column":20}},{"start":{"line":85,"column":24},"end":{"line":85,"column":26}}],"line":85},"21":{"loc":{"start":{"line":86,"column":28},"end":{"line":86,"column":54}},"type":"binary-expr","locations":[{"start":{"line":86,"column":28},"end":{"line":86,"column":42}},{"start":{"line":86,"column":46},"end":{"line":86,"column":54}}],"line":86},"22":{"loc":{"start":{"line":87,"column":29},"end":{"line":87,"column":55}},"type":"binary-expr","locations":[{"start":{"line":87,"column":29},"end":{"line":87,"column":43}},{"start":{"line":87,"column":47},"end":{"line":87,"column":55}}],"line":87},"23":{"loc":{"start":{"line":88,"column":28},"end":{"line":88,"column":51}},"type":"binary-expr","locations":[{"start":{"line":88,"column":28},"end":{"line":88,"column":43}},{"start":{"line":88,"column":47},"end":{"line":88,"column":51}}],"line":88},"24":{"loc":{"start":{"line":89,"column":29},"end":{"line":89,"column":52}},"type":"binary-expr","locations":[{"start":{"line":89,"column":29},"end":{"line":89,"column":44}},{"start":{"line":89,"column":48},"end":{"line":89,"column":52}}],"line":89},"25":{"loc":{"start":{"line":92,"column":15},"end":{"line":92,"column":32}},"type":"binary-expr","locations":[{"start":{"line":92,"column":15},"end":{"line":92,"column":26}},{"start":{"line":92,"column":30},"end":{"line":92,"column":32}}],"line":92},"26":{"loc":{"start":{"line":93,"column":15},"end":{"line":93,"column":35}},"type":"binary-expr","locations":[{"start":{"line":93,"column":15},"end":{"line":93,"column":29}},{"start":{"line":93,"column":33},"end":{"line":93,"column":35}}],"line":93},"27":{"loc":{"start":{"line":94,"column":16},"end":{"line":94,"column":45}},"type":"binary-expr","locations":[{"start":{"line":94,"column":16},"end":{"line":94,"column":31}},{"start":{"line":94,"column":35},"end":{"line":94,"column":45}}],"line":94},"28":{"loc":{"start":{"line":100,"column":2},"end":{"line":100,"column":97}},"type":"if","locations":[{"start":{"line":100,"column":2},"end":{"line":100,"column":97}},{"start":{},"end":{}}],"line":100},"29":{"loc":{"start":{"line":100,"column":6},"end":{"line":100,"column":83}},"type":"binary-expr","locations":[{"start":{"line":100,"column":6},"end":{"line":100,"column":19}},{"start":{"line":100,"column":23},"end":{"line":100,"column":55}},{"start":{"line":100,"column":59},"end":{"line":100,"column":83}}],"line":100},"30":{"loc":{"start":{"line":108,"column":2},"end":{"line":108,"column":61}},"type":"if","locations":[{"start":{"line":108,"column":2},"end":{"line":108,"column":61}},{"start":{},"end":{}}],"line":108},"31":{"loc":{"start":{"line":114,"column":2},"end":{"line":114,"column":44}},"type":"if","locations":[{"start":{"line":114,"column":2},"end":{"line":114,"column":44}},{"start":{},"end":{}}],"line":114},"32":{"loc":{"start":{"line":116,"column":22},"end":{"line":116,"column":44}},"type":"binary-expr","locations":[{"start":{"line":116,"column":22},"end":{"line":116,"column":38}},{"start":{"line":116,"column":42},"end":{"line":116,"column":44}}],"line":116},"33":{"loc":{"start":{"line":117,"column":22},"end":{"line":117,"column":46}},"type":"binary-expr","locations":[{"start":{"line":117,"column":22},"end":{"line":117,"column":40}},{"start":{"line":117,"column":44},"end":{"line":117,"column":46}}],"line":117},"34":{"loc":{"start":{"line":118,"column":23},"end":{"line":118,"column":44}},"type":"binary-expr","locations":[{"start":{"line":118,"column":23},"end":{"line":118,"column":38}},{"start":{"line":118,"column":42},"end":{"line":118,"column":44}}],"line":118},"35":{"loc":{"start":{"line":155,"column":14},"end":{"line":155,"column":81}},"type":"cond-expr","locations":[{"start":{"line":155,"column":30},"end":{"line":155,"column":77}},{"start":{"line":155,"column":80},"end":{"line":155,"column":81}}],"line":155},"36":{"loc":{"start":{"line":156,"column":16},"end":{"line":156,"column":97}},"type":"cond-expr","locations":[{"start":{"line":156,"column":32},"end":{"line":156,"column":93}},{"start":{"line":156,"column":96},"end":{"line":156,"column":97}}],"line":156},"37":{"loc":{"start":{"line":157,"column":16},"end":{"line":157,"column":79}},"type":"cond-expr","locations":[{"start":{"line":157,"column":32},"end":{"line":157,"column":75}},{"start":{"line":157,"column":78},"end":{"line":157,"column":79}}],"line":157},"38":{"loc":{"start":{"line":176,"column":30},"end":{"line":176,"column":94}},"type":"cond-expr","locations":[{"start":{"line":176,"column":46},"end":{"line":176,"column":87}},{"start":{"line":176,"column":90},"end":{"line":176,"column":94}}],"line":176},"39":{"loc":{"start":{"line":179,"column":17},"end":{"line":181,"column":70}},"type":"cond-expr","locations":[{"start":{"line":180,"column":10},"end":{"line":180,"column":110}},{"start":{"line":181,"column":10},"end":{"line":181,"column":70}}],"line":179},"40":{"loc":{"start":{"line":300,"column":2},"end":{"line":300,"column":68}},"type":"if","locations":[{"start":{"line":300,"column":2},"end":{"line":300,"column":68}},{"start":{},"end":{}}],"line":300},"41":{"loc":{"start":{"line":300,"column":6},"end":{"line":300,"column":48}},"type":"binary-expr","locations":[{"start":{"line":300,"column":6},"end":{"line":300,"column":16}},{"start":{"line":300,"column":20},"end":{"line":300,"column":48}}],"line":300},"42":{"loc":{"start":{"line":304,"column":2},"end":{"line":321,"column":3}},"type":"if","locations":[{"start":{"line":304,"column":2},"end":{"line":321,"column":3}},{"start":{},"end":{}}],"line":304},"43":{"loc":{"start":{"line":311,"column":6},"end":{"line":311,"column":105}},"type":"if","locations":[{"start":{"line":311,"column":6},"end":{"line":311,"column":105}},{"start":{},"end":{}}],"line":311},"44":{"loc":{"start":{"line":311,"column":10},"end":{"line":311,"column":59}},"type":"binary-expr","locations":[{"start":{"line":311,"column":10},"end":{"line":311,"column":41}},{"start":{"line":311,"column":45},"end":{"line":311,"column":59}}],"line":311},"45":{"loc":{"start":{"line":312,"column":6},"end":{"line":312,"column":111}},"type":"if","locations":[{"start":{"line":312,"column":6},"end":{"line":312,"column":111}},{"start":{},"end":{}}],"line":312},"46":{"loc":{"start":{"line":312,"column":10},"end":{"line":312,"column":63}},"type":"binary-expr","locations":[{"start":{"line":312,"column":10},"end":{"line":312,"column":43}},{"start":{"line":312,"column":47},"end":{"line":312,"column":63}}],"line":312},"47":{"loc":{"start":{"line":314,"column":6},"end":{"line":317,"column":7}},"type":"if","locations":[{"start":{"line":314,"column":6},"end":{"line":317,"column":7}},{"start":{},"end":{}}],"line":314},"48":{"loc":{"start":{"line":316,"column":36},"end":{"line":316,"column":74}},"type":"if","locations":[{"start":{"line":316,"column":36},"end":{"line":316,"column":74}},{"start":{},"end":{}}],"line":316},"49":{"loc":{"start":{"line":323,"column":2},"end":{"line":325,"column":3}},"type":"if","locations":[{"start":{"line":323,"column":2},"end":{"line":325,"column":3}},{"start":{},"end":{}}],"line":323},"50":{"loc":{"start":{"line":323,"column":6},"end":{"line":323,"column":38}},"type":"binary-expr","locations":[{"start":{"line":323,"column":6},"end":{"line":323,"column":14}},{"start":{"line":323,"column":18},"end":{"line":323,"column":38}}],"line":323},"51":{"loc":{"start":{"line":334,"column":2},"end":{"line":338,"column":3}},"type":"if","locations":[{"start":{"line":334,"column":2},"end":{"line":338,"column":3}},{"start":{},"end":{}}],"line":334},"52":{"loc":{"start":{"line":342,"column":24},"end":{"line":342,"column":101}},"type":"binary-expr","locations":[{"start":{"line":342,"column":24},"end":{"line":342,"column":37}},{"start":{"line":342,"column":41},"end":{"line":342,"column":73}},{"start":{"line":342,"column":77},"end":{"line":342,"column":101}}],"line":342},"53":{"loc":{"start":{"line":349,"column":14},"end":{"line":349,"column":69}},"type":"cond-expr","locations":[{"start":{"line":349,"column":28},"end":{"line":349,"column":47}},{"start":{"line":349,"column":50},"end":{"line":349,"column":69}}],"line":349}},"s":{"0":1,"1":1,"2":1,"3":1,"4":1,"5":1,"6":1,"7":1,"8":1,"9":1,"10":1,"11":0,"12":0,"13":0,"14":0,"15":0,"16":0,"17":0,"18":0,"19":0,"20":0,"21":0,"22":0,"23":0,"24":0,"25":0,"26":0,"27":0,"28":0,"29":0,"30":0,"31":0,"32":0,"33":0,"34":0,"35":0,"36":0,"37":0,"38":0,"39":0,"40":0,"41":0,"42":0,"43":0,"44":0,"45":0,"46":1,"47":1,"48":1,"49":1,"50":5,"51":1,"52":1,"53":1,"54":1,"55":1,"56":1,"57":1,"58":1,"59":1,"60":1,"61":1,"62":1,"63":1,"64":1,"65":1,"66":1,"67":1,"68":0,"69":1,"70":1,"71":0,"72":0,"73":0,"74":0,"75":0,"76":0,"77":0,"78":0,"79":0,"80":0,"81":0,"82":0,"83":0,"84":0,"85":0,"86":1,"87":1,"88":1,"89":1,"90":1,"91":1,"92":0,"93":0,"94":0,"95":1,"96":1,"97":1,"98":1,"99":1,"100":0,"101":0,"102":0},"f":{"0":0,"1":0,"2":0,"3":0,"4":1,"5":5,"6":1,"7":0,"8":1},"b":{"0":[1,1],"1":[0,0],"2":[0,0],"3":[0,0],"4":[0,0],"5":[0,0],"6":[0,0],"7":[0,0],"8":[0,0],"9":[0,0],"10":[0,0],"11":[0,0],"12":[0,0],"13":[0,0],"14":[0,0],"15":[0,0],"16":[0,0],"17":[0,0],"18":[0,0],"19":[0,0],"20":[0,0],"21":[0,0],"22":[0,0],"23":[0,0],"24":[0,0],"25":[0,0],"26":[0,0],"27":[0,0],"28":[0,0],"29":[0,0,0],"30":[0,0],"31":[0,0],"32":[0,0],"33":[0,0],"34":[0,0],"35":[0,1],"36":[0,1],"37":[0,1],"38":[0,1],"39":[0,1],"40":[0,1],"41":[1,0],"42":[0,1],"43":[0,0],"44":[0,0],"45":[0,0],"46":[0,0],"47":[0,0],"48":[0,0],"49":[1,0],"50":[1,0],"51":[0,1],"52":[1,0,0],"53":[1,0]},"_coverageSchema":"1a1c01bbd47fc00a2c39e90264f33305004495a9","hash":"6112683aa791b1d4940e5ddbcdc3e824d0dfbd16"}
,"C:\\Users\\ljpri\\OneDrive\\Desktop\\FiFa\\app\\server\\generateMoment.js": {"path":"C:\\Users\\ljpri\\OneDrive\\Desktop\\FiFa\\app\\server\\generateMoment.js","statementMap":{"0":{"start":{"line":6,"column":36},"end":{"line":19,"column":2}},"1":{"start":{"line":29,"column":2},"end":{"line":182,"column":3}},"2":{"start":{"line":31,"column":4},"end":{"line":35,"column":5}},"3":{"start":{"line":32,"column":6},"end":{"line":32,"column":85}},"4":{"start":{"line":33,"column":6},"end":{"line":33,"column":98}},"5":{"start":{"line":34,"column":6},"end":{"line":34,"column":13}},"6":{"start":{"line":38,"column":18},"end":{"line":38,"column":20}},"7":{"start":{"line":39,"column":4},"end":{"line":41,"column":5}},"8":{"start":{"line":40,"column":6},"end":{"line":40,"column":23}},"9":{"start":{"line":45,"column":4},"end":{"line":51,"column":5}},"10":{"start":{"line":46,"column":6},"end":{"line":46,"column":50}},"11":{"start":{"line":48,"column":6},"end":{"line":48,"column":85}},"12":{"start":{"line":49,"column":6},"end":{"line":49,"column":99}},"13":{"start":{"line":50,"column":6},"end":{"line":50,"column":13}},"14":{"start":{"line":54,"column":23},"end":{"line":54,"column":68}},"15":{"start":{"line":55,"column":4},"end":{"line":63,"column":5}},"16":{"start":{"line":56,"column":6},"end":{"line":56,"column":85}},"17":{"start":{"line":57,"column":6},"end":{"line":61,"column":10}},"18":{"start":{"line":62,"column":6},"end":{"line":62,"column":13}},"19":{"start":{"line":65,"column":49},"end":{"line":65,"column":64}},"20":{"start":{"line":67,"column":22},"end":{"line":67,"column":142}},"21":{"start":{"line":68,"column":18},"end":{"line":68,"column":73}},"22":{"start":{"line":69,"column":18},"end":{"line":69,"column":60}},"23":{"start":{"line":70,"column":18},"end":{"line":70,"column":61}},"24":{"start":{"line":71,"column":19},"end":{"line":71,"column":56}},"25":{"start":{"line":72,"column":19},"end":{"line":72,"column":57}},"26":{"start":{"line":73,"column":23},"end":{"line":73,"column":73}},"27":{"start":{"line":76,"column":19},"end":{"line":76,"column":75}},"28":{"start":{"line":77,"column":4},"end":{"line":118,"column":5}},"29":{"start":{"line":78,"column":6},"end":{"line":78,"column":95}},"30":{"start":{"line":81,"column":0},"end":{"line":108,"column":37}},"31":{"start":{"line":110,"column":6},"end":{"line":110,"column":85}},"32":{"start":{"line":111,"column":6},"end":{"line":116,"column":10}},"33":{"start":{"line":117,"column":6},"end":{"line":117,"column":13}},"34":{"start":{"line":121,"column":15},"end":{"line":121,"column":42}},"35":{"start":{"line":124,"column":25},"end":{"line":124,"column":59}},"36":{"start":{"line":125,"column":25},"end":{"line":146,"column":41}},"37":{"start":{"line":148,"column":23},"end":{"line":154,"column":16}},"38":{"start":{"line":157,"column":27},"end":{"line":162,"column":6}},"39":{"start":{"line":164,"column":22},"end":{"line":164,"column":92}},"40":{"start":{"line":167,"column":4},"end":{"line":167,"column":83}},"41":{"start":{"line":168,"column":4},"end":{"line":173,"column":8}},"42":{"start":{"line":176,"column":4},"end":{"line":176,"column":78}},"43":{"start":{"line":177,"column":4},"end":{"line":177,"column":83}},"44":{"start":{"line":178,"column":4},"end":{"line":181,"column":8}}},"fnMap":{"0":{"name":"handleGenerateMoment","decl":{"start":{"line":28,"column":22},"end":{"line":28,"column":42}},"loc":{"start":{"line":28,"column":62},"end":{"line":183,"column":1}},"line":28}},"branchMap":{"0":{"loc":{"start":{"line":31,"column":4},"end":{"line":35,"column":5}},"type":"if","locations":[{"start":{"line":31,"column":4},"end":{"line":35,"column":5}},{"start":{},"end":{}}],"line":31},"1":{"loc":{"start":{"line":46,"column":33},"end":{"line":46,"column":48}},"type":"binary-expr","locations":[{"start":{"line":46,"column":33},"end":{"line":46,"column":40}},{"start":{"line":46,"column":44},"end":{"line":46,"column":48}}],"line":46},"2":{"loc":{"start":{"line":55,"column":4},"end":{"line":63,"column":5}},"type":"if","locations":[{"start":{"line":55,"column":4},"end":{"line":63,"column":5}},{"start":{},"end":{}}],"line":55},"3":{"loc":{"start":{"line":67,"column":22},"end":{"line":67,"column":142}},"type":"binary-expr","locations":[{"start":{"line":67,"column":22},"end":{"line":67,"column":41}},{"start":{"line":67,"column":45},"end":{"line":67,"column":142}}],"line":67},"4":{"loc":{"start":{"line":67,"column":48},"end":{"line":67,"column":90}},"type":"binary-expr","locations":[{"start":{"line":67,"column":48},"end":{"line":67,"column":78}},{"start":{"line":67,"column":82},"end":{"line":67,"column":90}}],"line":67},"5":{"loc":{"start":{"line":67,"column":97},"end":{"line":67,"column":140}},"type":"binary-expr","locations":[{"start":{"line":67,"column":97},"end":{"line":67,"column":128}},{"start":{"line":67,"column":132},"end":{"line":67,"column":140}}],"line":67},"6":{"loc":{"start":{"line":68,"column":18},"end":{"line":68,"column":73}},"type":"binary-expr","locations":[{"start":{"line":68,"column":18},"end":{"line":68,"column":38}},{"start":{"line":68,"column":42},"end":{"line":68,"column":56}},{"start":{"line":68,"column":60},"end":{"line":68,"column":73}}],"line":68},"7":{"loc":{"start":{"line":69,"column":18},"end":{"line":69,"column":60}},"type":"binary-expr","locations":[{"start":{"line":69,"column":18},"end":{"line":69,"column":48}},{"start":{"line":69,"column":52},"end":{"line":69,"column":60}}],"line":69},"8":{"loc":{"start":{"line":70,"column":18},"end":{"line":70,"column":61}},"type":"binary-expr","locations":[{"start":{"line":70,"column":18},"end":{"line":70,"column":49}},{"start":{"line":70,"column":53},"end":{"line":70,"column":61}}],"line":70},"9":{"loc":{"start":{"line":71,"column":19},"end":{"line":71,"column":56}},"type":"binary-expr","locations":[{"start":{"line":71,"column":19},"end":{"line":71,"column":48}},{"start":{"line":71,"column":52},"end":{"line":71,"column":56}}],"line":71},"10":{"loc":{"start":{"line":72,"column":19},"end":{"line":72,"column":57}},"type":"binary-expr","locations":[{"start":{"line":72,"column":19},"end":{"line":72,"column":49}},{"start":{"line":72,"column":53},"end":{"line":72,"column":57}}],"line":72},"11":{"loc":{"start":{"line":73,"column":23},"end":{"line":73,"column":73}},"type":"binary-expr","locations":[{"start":{"line":73,"column":23},"end":{"line":73,"column":42}},{"start":{"line":73,"column":46},"end":{"line":73,"column":67}},{"start":{"line":73,"column":71},"end":{"line":73,"column":73}}],"line":73},"12":{"loc":{"start":{"line":76,"column":19},"end":{"line":76,"column":75}},"type":"binary-expr","locations":[{"start":{"line":76,"column":19},"end":{"line":76,"column":45}},{"start":{"line":76,"column":49},"end":{"line":76,"column":75}}],"line":76},"13":{"loc":{"start":{"line":77,"column":4},"end":{"line":118,"column":5}},"type":"if","locations":[{"start":{"line":77,"column":4},"end":{"line":118,"column":5}},{"start":{},"end":{}}],"line":77},"14":{"loc":{"start":{"line":164,"column":22},"end":{"line":164,"column":92}},"type":"binary-expr","locations":[{"start":{"line":164,"column":22},"end":{"line":164,"column":41}},{"start":{"line":164,"column":45},"end":{"line":164,"column":92}}],"line":164},"15":{"loc":{"start":{"line":180,"column":15},"end":{"line":180,"column":86}},"type":"binary-expr","locations":[{"start":{"line":180,"column":15},"end":{"line":180,"column":28}},{"start":{"line":180,"column":32},"end":{"line":180,"column":86}}],"line":180}},"s":{"0":1,"1":3,"2":3,"3":1,"4":1,"5":1,"6":2,"7":2,"8":2,"9":2,"10":2,"11":0,"12":0,"13":0,"14":2,"15":2,"16":1,"17":1,"18":1,"19":1,"20":1,"21":1,"22":1,"23":1,"24":1,"25":1,"26":1,"27":1,"28":1,"29":1,"30":1,"31":1,"32":1,"33":1,"34":0,"35":0,"36":0,"37":0,"38":0,"39":0,"40":0,"41":0,"42":0,"43":0,"44":0},"f":{"0":3},"b":{"0":[1,2],"1":[2,0],"2":[1,1],"3":[1,1],"4":[1,1],"5":[1,1],"6":[1,1,1],"7":[1,1],"8":[1,1],"9":[1,1],"10":[1,1],"11":[1,1,1],"12":[1,1],"13":[1,0],"14":[0,0],"15":[0,0]},"_coverageSchema":"1a1c01bbd47fc00a2c39e90264f33305004495a9","hash":"8da8595dc86010fab38887f55ed91c1d8f03dd55"}
,"C:\\Users\\ljpri\\OneDrive\\Desktop\\FiFa\\app\\server\\index.js": {"path":"C:\\Users\\ljpri\\OneDrive\\Desktop\\FiFa\\app\\server\\index.js","statementMap":{"0":{"start":{"line":10,"column":21},"end":{"line":10,"column":30}},"1":{"start":{"line":11,"column":29},"end":{"line":11,"column":34}},"2":{"start":{"line":12,"column":32},"end":{"line":12,"column":35}},"3":{"start":{"line":15,"column":14},"end":{"line":15,"column":24}},"4":{"start":{"line":16,"column":2},"end":{"line":19,"column":3}},"5":{"start":{"line":17,"column":4},"end":{"line":17,"column":78}},"6":{"start":{"line":18,"column":4},"end":{"line":18,"column":16}},"7":{"start":{"line":20,"column":17},"end":{"line":20,"column":37}},"8":{"start":{"line":21,"column":2},"end":{"line":25,"column":3}},"9":{"start":{"line":22,"column":4},"end":{"line":22,"column":21}},"10":{"start":{"line":23,"column":4},"end":{"line":23,"column":50}},"11":{"start":{"line":24,"column":4},"end":{"line":24,"column":16}},"12":{"start":{"line":26,"column":2},"end":{"line":28,"column":3}},"13":{"start":{"line":27,"column":4},"end":{"line":27,"column":17}},"14":{"start":{"line":29,"column":2},"end":{"line":29,"column":17}},"15":{"start":{"line":30,"column":2},"end":{"line":30,"column":14}},"16":{"start":{"line":33,"column":16},"end":{"line":33,"column":38}},"17":{"start":{"line":34,"column":18},"end":{"line":34,"column":41}},"18":{"start":{"line":35,"column":13},"end":{"line":35,"column":45}},"19":{"start":{"line":37,"column":21},"end":{"line":47,"column":1}},"20":{"start":{"line":56,"column":25},"end":{"line":56,"column":56}},"21":{"start":{"line":57,"column":23},"end":{"line":57,"column":55}},"22":{"start":{"line":58,"column":2},"end":{"line":60,"column":3}},"23":{"start":{"line":59,"column":4},"end":{"line":59,"column":16}},"24":{"start":{"line":62,"column":2},"end":{"line":62,"column":22}},"25":{"start":{"line":71,"column":2},"end":{"line":87,"column":3}},"26":{"start":{"line":72,"column":25},"end":{"line":72,"column":49}},"27":{"start":{"line":73,"column":22},"end":{"line":73,"column":53}},"28":{"start":{"line":76,"column":26},"end":{"line":76,"column":103}},"29":{"start":{"line":77,"column":25},"end":{"line":77,"column":91}},"30":{"start":{"line":79,"column":4},"end":{"line":82,"column":7}},"31":{"start":{"line":83,"column":4},"end":{"line":83,"column":31}},"32":{"start":{"line":85,"column":4},"end":{"line":85,"column":77}},"33":{"start":{"line":86,"column":4},"end":{"line":86,"column":30}},"34":{"start":{"line":90,"column":22},"end":{"line":183,"column":2}},"35":{"start":{"line":91,"column":14},"end":{"line":91,"column":90}},"36":{"start":{"line":92,"column":19},"end":{"line":92,"column":98}},"37":{"start":{"line":95,"column":2},"end":{"line":99,"column":3}},"38":{"start":{"line":96,"column":4},"end":{"line":96,"column":83}},"39":{"start":{"line":97,"column":4},"end":{"line":97,"column":65}},"40":{"start":{"line":98,"column":4},"end":{"line":98,"column":11}},"41":{"start":{"line":102,"column":2},"end":{"line":102,"column":89}},"42":{"start":{"line":103,"column":2},"end":{"line":103,"column":58}},"43":{"start":{"line":104,"column":2},"end":{"line":104,"column":48}},"44":{"start":{"line":105,"column":2},"end":{"line":105,"column":58}},"45":{"start":{"line":107,"column":2},"end":{"line":107,"column":579}},"46":{"start":{"line":110,"column":2},"end":{"line":110,"column":57}},"47":{"start":{"line":111,"column":2},"end":{"line":111,"column":75}},"48":{"start":{"line":112,"column":2},"end":{"line":112,"column":84}},"49":{"start":{"line":115,"column":2},"end":{"line":119,"column":3}},"50":{"start":{"line":116,"column":4},"end":{"line":116,"column":28}},"51":{"start":{"line":117,"column":4},"end":{"line":117,"column":19}},"52":{"start":{"line":118,"column":4},"end":{"line":118,"column":11}},"53":{"start":{"line":122,"column":2},"end":{"line":126,"column":3}},"54":{"start":{"line":123,"column":4},"end":{"line":123,"column":83}},"55":{"start":{"line":124,"column":4},"end":{"line":124,"column":78}},"56":{"start":{"line":125,"column":4},"end":{"line":125,"column":11}},"57":{"start":{"line":129,"column":2},"end":{"line":132,"column":3}},"58":{"start":{"line":130,"column":4},"end":{"line":130,"column":47}},"59":{"start":{"line":131,"column":4},"end":{"line":131,"column":11}},"60":{"start":{"line":135,"column":2},"end":{"line":138,"column":3}},"61":{"start":{"line":136,"column":4},"end":{"line":136,"column":50}},"62":{"start":{"line":137,"column":4},"end":{"line":137,"column":11}},"63":{"start":{"line":141,"column":2},"end":{"line":144,"column":3}},"64":{"start":{"line":142,"column":4},"end":{"line":142,"column":50}},"65":{"start":{"line":143,"column":4},"end":{"line":143,"column":11}},"66":{"start":{"line":147,"column":2},"end":{"line":151,"column":3}},"67":{"start":{"line":148,"column":21},"end":{"line":148,"column":48}},"68":{"start":{"line":149,"column":4},"end":{"line":149,"column":39}},"69":{"start":{"line":150,"column":4},"end":{"line":150,"column":11}},"70":{"start":{"line":154,"column":2},"end":{"line":158,"column":3}},"71":{"start":{"line":155,"column":21},"end":{"line":155,"column":50}},"72":{"start":{"line":156,"column":4},"end":{"line":156,"column":39}},"73":{"start":{"line":157,"column":4},"end":{"line":157,"column":11}},"74":{"start":{"line":161,"column":2},"end":{"line":165,"column":3}},"75":{"start":{"line":162,"column":21},"end":{"line":162,"column":50}},"76":{"start":{"line":163,"column":4},"end":{"line":163,"column":39}},"77":{"start":{"line":164,"column":4},"end":{"line":164,"column":11}},"78":{"start":{"line":168,"column":2},"end":{"line":172,"column":3}},"79":{"start":{"line":169,"column":21},"end":{"line":169,"column":44}},"80":{"start":{"line":170,"column":4},"end":{"line":170,"column":39}},"81":{"start":{"line":171,"column":4},"end":{"line":171,"column":11}},"82":{"start":{"line":175,"column":19},"end":{"line":175,"column":52}},"83":{"start":{"line":176,"column":2},"end":{"line":180,"column":3}},"84":{"start":{"line":177,"column":4},"end":{"line":177,"column":77}},"85":{"start":{"line":178,"column":4},"end":{"line":178,"column":30}},"86":{"start":{"line":179,"column":4},"end":{"line":179,"column":11}},"87":{"start":{"line":182,"column":2},"end":{"line":182,"column":37}},"88":{"start":{"line":186,"column":0},"end":{"line":190,"column":1}},"89":{"start":{"line":187,"column":2},"end":{"line":189,"column":5}},"90":{"start":{"line":188,"column":4},"end":{"line":188,"column":71}}},"fnMap":{"0":{"name":"checkRateLimit","decl":{"start":{"line":14,"column":9},"end":{"line":14,"column":23}},"loc":{"start":{"line":14,"column":28},"end":{"line":31,"column":1}},"line":14},"1":{"name":"safeJoin","decl":{"start":{"line":55,"column":9},"end":{"line":55,"column":17}},"loc":{"start":{"line":55,"column":40},"end":{"line":63,"column":1}},"line":55},"2":{"name":"sendFile","decl":{"start":{"line":70,"column":15},"end":{"line":70,"column":23}},"loc":{"start":{"line":70,"column":44},"end":{"line":88,"column":1}},"line":70},"3":{"name":"(anonymous_3)","decl":{"start":{"line":90,"column":35},"end":{"line":90,"column":36}},"loc":{"start":{"line":90,"column":64},"end":{"line":183,"column":1}},"line":90},"4":{"name":"(anonymous_4)","decl":{"start":{"line":187,"column":22},"end":{"line":187,"column":23}},"loc":{"start":{"line":187,"column":28},"end":{"line":189,"column":3}},"line":187}},"branchMap":{"0":{"loc":{"start":{"line":16,"column":2},"end":{"line":19,"column":3}},"type":"if","locations":[{"start":{"line":16,"column":2},"end":{"line":19,"column":3}},{"start":{},"end":{}}],"line":16},"1":{"loc":{"start":{"line":21,"column":2},"end":{"line":25,"column":3}},"type":"if","locations":[{"start":{"line":21,"column":2},"end":{"line":25,"column":3}},{"start":{},"end":{}}],"line":21},"2":{"loc":{"start":{"line":26,"column":2},"end":{"line":28,"column":3}},"type":"if","locations":[{"start":{"line":26,"column":2},"end":{"line":28,"column":3}},{"start":{},"end":{}}],"line":26},"3":{"loc":{"start":{"line":35,"column":20},"end":{"line":35,"column":44}},"type":"binary-expr","locations":[{"start":{"line":35,"column":20},"end":{"line":35,"column":36}},{"start":{"line":35,"column":40},"end":{"line":35,"column":44}}],"line":35},"4":{"loc":{"start":{"line":58,"column":2},"end":{"line":60,"column":3}},"type":"if","locations":[{"start":{"line":58,"column":2},"end":{"line":60,"column":3}},{"start":{},"end":{}}],"line":58},"5":{"loc":{"start":{"line":77,"column":25},"end":{"line":77,"column":91}},"type":"cond-expr","locations":[{"start":{"line":77,"column":41},"end":{"line":77,"column":78}},{"start":{"line":77,"column":81},"end":{"line":77,"column":91}}],"line":77},"6":{"loc":{"start":{"line":80,"column":22},"end":{"line":80,"column":75}},"type":"binary-expr","locations":[{"start":{"line":80,"column":22},"end":{"line":80,"column":45}},{"start":{"line":80,"column":49},"end":{"line":80,"column":75}}],"line":80},"7":{"loc":{"start":{"line":91,"column":22},"end":{"line":91,"column":40}},"type":"binary-expr","locations":[{"start":{"line":91,"column":22},"end":{"line":91,"column":33}},{"start":{"line":91,"column":37},"end":{"line":91,"column":40}}],"line":91},"8":{"loc":{"start":{"line":91,"column":52},"end":{"line":91,"column":87}},"type":"binary-expr","locations":[{"start":{"line":91,"column":52},"end":{"line":91,"column":72}},{"start":{"line":91,"column":76},"end":{"line":91,"column":87}}],"line":91},"9":{"loc":{"start":{"line":92,"column":19},"end":{"line":92,"column":98}},"type":"binary-expr","locations":[{"start":{"line":92,"column":19},"end":{"line":92,"column":53}},{"start":{"line":92,"column":57},"end":{"line":92,"column":85}},{"start":{"line":92,"column":89},"end":{"line":92,"column":98}}],"line":92},"10":{"loc":{"start":{"line":95,"column":2},"end":{"line":99,"column":3}},"type":"if","locations":[{"start":{"line":95,"column":2},"end":{"line":99,"column":3}},{"start":{},"end":{}}],"line":95},"11":{"loc":{"start":{"line":115,"column":2},"end":{"line":119,"column":3}},"type":"if","locations":[{"start":{"line":115,"column":2},"end":{"line":119,"column":3}},{"start":{},"end":{}}],"line":115},"12":{"loc":{"start":{"line":122,"column":2},"end":{"line":126,"column":3}},"type":"if","locations":[{"start":{"line":122,"column":2},"end":{"line":126,"column":3}},{"start":{},"end":{}}],"line":122},"13":{"loc":{"start":{"line":129,"column":2},"end":{"line":132,"column":3}},"type":"if","locations":[{"start":{"line":129,"column":2},"end":{"line":132,"column":3}},{"start":{},"end":{}}],"line":129},"14":{"loc":{"start":{"line":135,"column":2},"end":{"line":138,"column":3}},"type":"if","locations":[{"start":{"line":135,"column":2},"end":{"line":138,"column":3}},{"start":{},"end":{}}],"line":135},"15":{"loc":{"start":{"line":141,"column":2},"end":{"line":144,"column":3}},"type":"if","locations":[{"start":{"line":141,"column":2},"end":{"line":144,"column":3}},{"start":{},"end":{}}],"line":141},"16":{"loc":{"start":{"line":147,"column":2},"end":{"line":151,"column":3}},"type":"if","locations":[{"start":{"line":147,"column":2},"end":{"line":151,"column":3}},{"start":{},"end":{}}],"line":147},"17":{"loc":{"start":{"line":147,"column":6},"end":{"line":147,"column":83}},"type":"binary-expr","locations":[{"start":{"line":147,"column":6},"end":{"line":147,"column":26}},{"start":{"line":147,"column":30},"end":{"line":147,"column":55}},{"start":{"line":147,"column":59},"end":{"line":147,"column":83}}],"line":147},"18":{"loc":{"start":{"line":154,"column":2},"end":{"line":158,"column":3}},"type":"if","locations":[{"start":{"line":154,"column":2},"end":{"line":158,"column":3}},{"start":{},"end":{}}],"line":154},"19":{"loc":{"start":{"line":161,"column":2},"end":{"line":165,"column":3}},"type":"if","locations":[{"start":{"line":161,"column":2},"end":{"line":165,"column":3}},{"start":{},"end":{}}],"line":161},"20":{"loc":{"start":{"line":161,"column":6},"end":{"line":161,"column":93}},"type":"binary-expr","locations":[{"start":{"line":161,"column":6},"end":{"line":161,"column":29}},{"start":{"line":161,"column":33},"end":{"line":161,"column":57}},{"start":{"line":161,"column":61},"end":{"line":161,"column":93}}],"line":161},"21":{"loc":{"start":{"line":168,"column":2},"end":{"line":172,"column":3}},"type":"if","locations":[{"start":{"line":168,"column":2},"end":{"line":172,"column":3}},{"start":{},"end":{}}],"line":168},"22":{"loc":{"start":{"line":176,"column":2},"end":{"line":180,"column":3}},"type":"if","locations":[{"start":{"line":176,"column":2},"end":{"line":180,"column":3}},{"start":{},"end":{}}],"line":176},"23":{"loc":{"start":{"line":186,"column":0},"end":{"line":190,"column":1}},"type":"if","locations":[{"start":{"line":186,"column":0},"end":{"line":190,"column":1}},{"start":{},"end":{}}],"line":186}},"s":{"0":1,"1":1,"2":1,"3":9,"4":9,"5":1,"6":1,"7":8,"8":8,"9":0,"10":0,"11":0,"12":8,"13":0,"14":8,"15":8,"16":1,"17":1,"18":1,"19":1,"20":2,"21":2,"22":2,"23":0,"24":2,"25":2,"26":2,"27":1,"28":1,"29":1,"30":1,"31":1,"32":1,"33":1,"34":1,"35":9,"36":9,"37":9,"38":0,"39":0,"40":0,"41":9,"42":9,"43":9,"44":9,"45":9,"46":9,"47":9,"48":9,"49":9,"50":1,"51":1,"52":1,"53":8,"54":1,"55":1,"56":1,"57":7,"58":1,"59":1,"60":6,"61":3,"62":3,"63":3,"64":1,"65":1,"66":2,"67":0,"68":0,"69":0,"70":2,"71":0,"72":0,"73":0,"74":2,"75":0,"76":0,"77":0,"78":2,"79":0,"80":0,"81":0,"82":2,"83":2,"84":0,"85":0,"86":0,"87":2,"88":1,"89":0,"90":0},"f":{"0":9,"1":2,"2":2,"3":9,"4":0},"b":{"0":[1,8],"1":[0,8],"2":[0,8],"3":[1,1],"4":[0,2],"5":[1,0],"6":[1,0],"7":[9,0],"8":[9,0],"9":[9,9,0],"10":[0,9],"11":[1,8],"12":[1,7],"13":[1,6],"14":[3,3],"15":[1,2],"16":[0,2],"17":[2,2,2],"18":[0,2],"19":[0,2],"20":[2,2,2],"21":[0,2],"22":[0,2],"23":[0,1]},"_coverageSchema":"1a1c01bbd47fc00a2c39e90264f33305004495a9","hash":"331740cae8e6d245babca9f9b002c0015220cb15"}
,"C:\\Users\\ljpri\\OneDrive\\Desktop\\FiFa\\app\\server\\youtubeShorts.js": {"path":"C:\\Users\\ljpri\\OneDrive\\Desktop\\FiFa\\app\\server\\youtubeShorts.js","statementMap":{"0":{"start":{"line":4,"column":20},"end":{"line":4,"column":66}},"1":{"start":{"line":5,"column":21},"end":{"line":5,"column":34}},"2":{"start":{"line":8,"column":14},"end":{"line":8,"column":42}},"3":{"start":{"line":11,"column":26},"end":{"line":15,"column":16}},"4":{"start":{"line":17,"column":27},"end":{"line":21,"column":16}},"5":{"start":{"line":23,"column":24},"end":{"line":30,"column":16}},"6":{"start":{"line":32,"column":24},"end":{"line":35,"column":16}},"7":{"start":{"line":37,"column":27},"end":{"line":40,"column":16}},"8":{"start":{"line":42,"column":31},"end":{"line":49,"column":16}},"9":{"start":{"line":53,"column":17},"end":{"line":53,"column":46}},"10":{"start":{"line":55,"column":4},"end":{"line":58,"column":6}},"11":{"start":{"line":60,"column":2},"end":{"line":65,"column":4}},"12":{"start":{"line":70,"column":17},"end":{"line":79,"column":4}},"13":{"start":{"line":81,"column":19},"end":{"line":81,"column":69}},"14":{"start":{"line":83,"column":2},"end":{"line":88,"column":3}},"15":{"start":{"line":84,"column":22},"end":{"line":84,"column":59}},"16":{"start":{"line":84,"column":56},"end":{"line":84,"column":58}},"17":{"start":{"line":85,"column":4},"end":{"line":87,"column":6}},"18":{"start":{"line":90,"column":18},"end":{"line":90,"column":39}},"19":{"start":{"line":93,"column":20},"end":{"line":93,"column":57}},"20":{"start":{"line":96,"column":2},"end":{"line":96,"column":46}},"21":{"start":{"line":101,"column":2},"end":{"line":150,"column":4}},"22":{"start":{"line":156,"column":2},"end":{"line":160,"column":3}},"23":{"start":{"line":157,"column":4},"end":{"line":157,"column":68}},"24":{"start":{"line":158,"column":4},"end":{"line":158,"column":66}},"25":{"start":{"line":159,"column":4},"end":{"line":159,"column":11}},"26":{"start":{"line":162,"column":2},"end":{"line":232,"column":3}},"27":{"start":{"line":163,"column":19},"end":{"line":163,"column":46}},"28":{"start":{"line":166,"column":26},"end":{"line":166,"column":85}},"29":{"start":{"line":167,"column":4},"end":{"line":180,"column":5}},"30":{"start":{"line":168,"column":6},"end":{"line":168,"column":96}},"31":{"start":{"line":169,"column":6},"end":{"line":169,"column":85}},"32":{"start":{"line":170,"column":24},"end":{"line":170,"column":44}},"33":{"start":{"line":171,"column":6},"end":{"line":178,"column":10}},"34":{"start":{"line":177,"column":36},"end":{"line":177,"column":71}},"35":{"start":{"line":179,"column":6},"end":{"line":179,"column":13}},"36":{"start":{"line":183,"column":4},"end":{"line":194,"column":5}},"37":{"start":{"line":184,"column":6},"end":{"line":184,"column":85}},"38":{"start":{"line":185,"column":6},"end":{"line":192,"column":10}},"39":{"start":{"line":191,"column":37},"end":{"line":191,"column":72}},"40":{"start":{"line":193,"column":6},"end":{"line":193,"column":13}},"41":{"start":{"line":197,"column":19},"end":{"line":197,"column":52}},"42":{"start":{"line":200,"column":4},"end":{"line":200,"column":24}},"43":{"start":{"line":201,"column":4},"end":{"line":201,"column":48}},"44":{"start":{"line":203,"column":4},"end":{"line":203,"column":83}},"45":{"start":{"line":204,"column":4},"end":{"line":211,"column":8}},"46":{"start":{"line":210,"column":31},"end":{"line":210,"column":66}},"47":{"start":{"line":214,"column":4},"end":{"line":214,"column":59}},"48":{"start":{"line":217,"column":4},"end":{"line":225,"column":5}},"49":{"start":{"line":218,"column":6},"end":{"line":218,"column":85}},"50":{"start":{"line":219,"column":6},"end":{"line":223,"column":10}},"51":{"start":{"line":224,"column":6},"end":{"line":224,"column":13}},"52":{"start":{"line":227,"column":4},"end":{"line":227,"column":83}},"53":{"start":{"line":228,"column":4},"end":{"line":231,"column":8}}},"fnMap":{"0":{"name":"mapToCleanShort","decl":{"start":{"line":52,"column":9},"end":{"line":52,"column":24}},"loc":{"start":{"line":52,"column":31},"end":{"line":66,"column":1}},"line":52},"1":{"name":"fetchTrendingShorts","decl":{"start":{"line":69,"column":15},"end":{"line":69,"column":34}},"loc":{"start":{"line":69,"column":43},"end":{"line":97,"column":1}},"line":69},"2":{"name":"(anonymous_2)","decl":{"start":{"line":84,"column":50},"end":{"line":84,"column":51}},"loc":{"start":{"line":84,"column":56},"end":{"line":84,"column":58}},"line":84},"3":{"name":"getSimulatedShorts","decl":{"start":{"line":100,"column":9},"end":{"line":100,"column":27}},"loc":{"start":{"line":100,"column":30},"end":{"line":151,"column":1}},"line":100},"4":{"name":"handleTrendingShorts","decl":{"start":{"line":154,"column":22},"end":{"line":154,"column":42}},"loc":{"start":{"line":154,"column":62},"end":{"line":233,"column":1}},"line":154},"5":{"name":"(anonymous_5)","decl":{"start":{"line":177,"column":30},"end":{"line":177,"column":31}},"loc":{"start":{"line":177,"column":36},"end":{"line":177,"column":71}},"line":177},"6":{"name":"(anonymous_6)","decl":{"start":{"line":191,"column":31},"end":{"line":191,"column":32}},"loc":{"start":{"line":191,"column":37},"end":{"line":191,"column":72}},"line":191},"7":{"name":"(anonymous_7)","decl":{"start":{"line":210,"column":25},"end":{"line":210,"column":26}},"loc":{"start":{"line":210,"column":31},"end":{"line":210,"column":66}},"line":210}},"branchMap":{"0":{"loc":{"start":{"line":53,"column":17},"end":{"line":53,"column":46}},"type":"binary-expr","locations":[{"start":{"line":53,"column":17},"end":{"line":53,"column":40}},{"start":{"line":53,"column":44},"end":{"line":53,"column":46}}],"line":53},"1":{"loc":{"start":{"line":55,"column":4},"end":{"line":58,"column":6}},"type":"binary-expr","locations":[{"start":{"line":55,"column":4},"end":{"line":55,"column":20}},{"start":{"line":56,"column":4},"end":{"line":56,"column":22}},{"start":{"line":57,"column":4},"end":{"line":57,"column":23}},{"start":{"line":58,"column":4},"end":{"line":58,"column":6}}],"line":55},"2":{"loc":{"start":{"line":83,"column":2},"end":{"line":88,"column":3}},"type":"if","locations":[{"start":{"line":83,"column":2},"end":{"line":88,"column":3}},{"start":{},"end":{}}],"line":83},"3":{"loc":{"start":{"line":156,"column":2},"end":{"line":160,"column":3}},"type":"if","locations":[{"start":{"line":156,"column":2},"end":{"line":160,"column":3}},{"start":{},"end":{}}],"line":156},"4":{"loc":{"start":{"line":166,"column":26},"end":{"line":166,"column":85}},"type":"binary-expr","locations":[{"start":{"line":166,"column":26},"end":{"line":166,"column":33}},{"start":{"line":166,"column":37},"end":{"line":166,"column":63}},{"start":{"line":166,"column":67},"end":{"line":166,"column":85}}],"line":166},"5":{"loc":{"start":{"line":167,"column":4},"end":{"line":180,"column":5}},"type":"if","locations":[{"start":{"line":167,"column":4},"end":{"line":180,"column":5}},{"start":{},"end":{}}],"line":167},"6":{"loc":{"start":{"line":183,"column":4},"end":{"line":194,"column":5}},"type":"if","locations":[{"start":{"line":183,"column":4},"end":{"line":194,"column":5}},{"start":{},"end":{}}],"line":183},"7":{"loc":{"start":{"line":183,"column":8},"end":{"line":183,"column":50}},"type":"binary-expr","locations":[{"start":{"line":183,"column":8},"end":{"line":183,"column":18}},{"start":{"line":183,"column":22},"end":{"line":183,"column":50}}],"line":183},"8":{"loc":{"start":{"line":217,"column":4},"end":{"line":225,"column":5}},"type":"if","locations":[{"start":{"line":217,"column":4},"end":{"line":225,"column":5}},{"start":{},"end":{}}],"line":217},"9":{"loc":{"start":{"line":230,"column":15},"end":{"line":230,"column":65}},"type":"binary-expr","locations":[{"start":{"line":230,"column":15},"end":{"line":230,"column":28}},{"start":{"line":230,"column":32},"end":{"line":230,"column":65}}],"line":230}},"s":{"0":1,"1":1,"2":1,"3":1,"4":1,"5":1,"6":1,"7":1,"8":1,"9":0,"10":0,"11":0,"12":0,"13":0,"14":0,"15":0,"16":0,"17":0,"18":0,"19":0,"20":0,"21":1,"22":1,"23":0,"24":0,"25":0,"26":1,"27":1,"28":1,"29":1,"30":1,"31":1,"32":1,"33":1,"34":8,"35":1,"36":0,"37":0,"38":0,"39":0,"40":0,"41":0,"42":0,"43":0,"44":0,"45":0,"46":0,"47":0,"48":0,"49":0,"50":0,"51":0,"52":0,"53":0},"f":{"0":0,"1":0,"2":0,"3":1,"4":1,"5":8,"6":0,"7":0},"b":{"0":[0,0],"1":[0,0,0,0],"2":[0,0],"3":[0,1],"4":[1,0,0],"5":[1,0],"6":[0,0],"7":[0,0],"8":[0,0],"9":[0,0]},"_coverageSchema":"1a1c01bbd47fc00a2c39e90264f33305004495a9","hash":"d14c857b8353073d0f6dff055604b9ccb6a3730e"}
}
