TN:
SF:public\js\simulation\stadium.js
FN:19,(anonymous_0)
FNF:1
FNH:1
FNDA:2,(anonymous_0)
DA:1,1
DA:19,2
LF:2
LH:2
BRF:0
BRH:0
end_of_record
TN:
SF:server\footballApi.js
FN:57,transformMatch
FN:69,(anonymous_1)
FN:99,fetchCricBuzz
FN:112,extractMatches
FN:131,getSimulatedData
FN:137,(anonymous_5)
FN:299,getLiveMatches
FN:316,(anonymous_7)
FN:333,handleLiveMatches
FNF:9
FNH:4
FNDA:0,transformMatch
FNDA:0,(anonymous_1)
FNDA:0,fetchCricBuzz
FNDA:0,extractMatches
FNDA:1,getSimulatedData
FNDA:5,(anonymous_5)
FNDA:2,getLiveMatches
FNDA:0,(anonymous_7)
FNDA:2,handleLiveMatches
DA:4,1
DA:5,1
DA:6,1
DA:7,1
DA:10,1
DA:13,1
DA:20,1
DA:25,1
DA:31,1
DA:36,1
DA:48,1
DA:58,0
DA:59,0
DA:60,0
DA:61,0
DA:62,0
DA:64,0
DA:65,0
DA:66,0
DA:67,0
DA:69,0
DA:70,0
DA:71,0
DA:73,0
DA:74,0
DA:75,0
DA:77,0
DA:100,0
DA:101,0
DA:108,0
DA:109,0
DA:113,0
DA:114,0
DA:115,0
DA:116,0
DA:117,0
DA:118,0
DA:119,0
DA:120,0
DA:125,0
DA:132,1
DA:133,1
DA:135,1
DA:137,1
DA:138,5
DA:141,1
DA:142,1
DA:143,1
DA:144,1
DA:145,1
DA:148,1
DA:149,1
DA:150,1
DA:151,1
DA:152,1
DA:154,1
DA:155,1
DA:156,1
DA:157,1
DA:158,1
DA:160,1
DA:300,2
DA:302,1
DA:304,1
DA:305,0
DA:306,0
DA:310,0
DA:311,0
DA:312,0
DA:314,0
DA:315,0
DA:316,0
DA:319,0
DA:323,1
DA:324,1
DA:327,1
DA:328,1
DA:329,1
DA:334,2
DA:335,0
DA:336,0
DA:337,0
DA:340,2
DA:341,2
DA:342,2
DA:344,2
DA:345,2
DA:353,0
DA:354,0
DA:355,0
LF:90
LH:46
BRDA:4,0,0,1
BRDA:4,0,1,1
BRDA:59,1,0,0
BRDA:59,1,1,0
BRDA:60,2,0,0
BRDA:60,2,1,0
BRDA:61,3,0,0
BRDA:61,3,1,0
BRDA:62,4,0,0
BRDA:62,4,1,0
BRDA:65,5,0,0
BRDA:65,5,1,0
BRDA:66,6,0,0
BRDA:66,6,1,0
BRDA:66,7,0,0
BRDA:66,7,1,0
BRDA:67,8,0,0
BRDA:67,8,1,0
BRDA:69,9,0,0
BRDA:69,9,1,0
BRDA:69,10,0,0
BRDA:69,10,1,0
BRDA:69,11,0,0
BRDA:69,11,1,0
BRDA:69,12,0,0
BRDA:69,12,1,0
BRDA:73,13,0,0
BRDA:73,13,1,0
BRDA:79,14,0,0
BRDA:79,14,1,0
BRDA:79,15,0,0
BRDA:79,15,1,0
BRDA:81,16,0,0
BRDA:81,16,1,0
BRDA:82,17,0,0
BRDA:82,17,1,0
BRDA:83,18,0,0
BRDA:83,18,1,0
BRDA:84,19,0,0
BRDA:84,19,1,0
BRDA:85,20,0,0
BRDA:85,20,1,0
BRDA:86,21,0,0
BRDA:86,21,1,0
BRDA:87,22,0,0
BRDA:87,22,1,0
BRDA:88,23,0,0
BRDA:88,23,1,0
BRDA:89,24,0,0
BRDA:89,24,1,0
BRDA:92,25,0,0
BRDA:92,25,1,0
BRDA:93,26,0,0
BRDA:93,26,1,0
BRDA:94,27,0,0
BRDA:94,27,1,0
BRDA:100,28,0,0
BRDA:100,28,1,0
BRDA:100,29,0,0
BRDA:100,29,1,0
BRDA:100,29,2,0
BRDA:108,30,0,0
BRDA:108,30,1,0
BRDA:114,31,0,0
BRDA:114,31,1,0
BRDA:116,32,0,0
BRDA:116,32,1,0
BRDA:117,33,0,0
BRDA:117,33,1,0
BRDA:118,34,0,0
BRDA:118,34,1,0
BRDA:155,35,0,1
BRDA:155,35,1,0
BRDA:156,36,0,1
BRDA:156,36,1,0
BRDA:157,37,0,1
BRDA:157,37,1,0
BRDA:176,38,0,1
BRDA:176,38,1,0
BRDA:179,39,0,1
BRDA:179,39,1,0
BRDA:300,40,0,1
BRDA:300,40,1,1
BRDA:300,41,0,2
BRDA:300,41,1,1
BRDA:304,42,0,0
BRDA:304,42,1,1
BRDA:311,43,0,0
BRDA:311,43,1,0
BRDA:311,44,0,0
BRDA:311,44,1,0
BRDA:312,45,0,0
BRDA:312,45,1,0
BRDA:312,46,0,0
BRDA:312,46,1,0
BRDA:314,47,0,0
BRDA:314,47,1,0
BRDA:316,48,0,0
BRDA:316,48,1,0
BRDA:323,49,0,1
BRDA:323,49,1,0
BRDA:323,50,0,1
BRDA:323,50,1,0
BRDA:334,51,0,0
BRDA:334,51,1,2
BRDA:342,52,0,2
BRDA:342,52,1,0
BRDA:342,52,2,0
BRDA:349,53,0,2
BRDA:349,53,1,0
BRF:110
BRH:17
end_of_record
TN:
SF:server\generateMoment.js
FN:28,handleGenerateMoment
FNF:1
FNH:1
FNDA:6,handleGenerateMoment
DA:6,1
DA:29,6
DA:31,6
DA:32,1
DA:33,1
DA:34,1
DA:38,5
DA:39,5
DA:40,5
DA:45,5
DA:46,5
DA:48,0
DA:49,0
DA:50,0
DA:54,5
DA:55,5
DA:56,4
DA:57,4
DA:62,4
DA:65,1
DA:67,1
DA:68,1
DA:69,1
DA:70,1
DA:71,1
DA:72,1
DA:73,1
DA:76,1
DA:77,1
DA:78,1
DA:81,1
DA:110,1
DA:111,1
DA:117,1
DA:121,0
DA:124,0
DA:125,0
DA:148,0
DA:157,0
DA:164,0
DA:167,0
DA:168,0
DA:176,0
DA:177,0
DA:178,0
LF:45
LH:31
BRDA:31,0,0,1
BRDA:31,0,1,5
BRDA:46,1,0,5
BRDA:46,1,1,0
BRDA:55,2,0,4
BRDA:55,2,1,1
BRDA:67,3,0,1
BRDA:67,3,1,1
BRDA:67,4,0,1
BRDA:67,4,1,1
BRDA:67,5,0,1
BRDA:67,5,1,1
BRDA:68,6,0,1
BRDA:68,6,1,1
BRDA:68,6,2,1
BRDA:69,7,0,1
BRDA:69,7,1,1
BRDA:70,8,0,1
BRDA:70,8,1,1
BRDA:71,9,0,1
BRDA:71,9,1,1
BRDA:72,10,0,1
BRDA:72,10,1,1
BRDA:73,11,0,1
BRDA:73,11,1,1
BRDA:73,11,2,1
BRDA:76,12,0,1
BRDA:76,12,1,1
BRDA:77,13,0,1
BRDA:77,13,1,0
BRDA:164,14,0,0
BRDA:164,14,1,0
BRDA:180,15,0,0
BRDA:180,15,1,0
BRF:34
BRH:28
end_of_record
TN:
SF:server\index.js
FN:14,checkRateLimit
FN:55,safeJoin
FN:70,sendFile
FN:90,(anonymous_3)
FN:187,(anonymous_4)
FNF:5
FNH:4
FNDA:14,checkRateLimit
FNDA:2,safeJoin
FNDA:2,sendFile
FNDA:14,(anonymous_3)
FNDA:0,(anonymous_4)
DA:10,1
DA:11,1
DA:12,1
DA:15,14
DA:16,14
DA:17,1
DA:18,1
DA:20,13
DA:21,13
DA:22,0
DA:23,0
DA:24,0
DA:26,13
DA:27,0
DA:29,13
DA:30,13
DA:33,1
DA:34,1
DA:35,1
DA:37,1
DA:56,2
DA:57,2
DA:58,2
DA:59,0
DA:62,2
DA:71,2
DA:72,2
DA:73,1
DA:76,1
DA:77,1
DA:79,1
DA:83,1
DA:85,1
DA:86,1
DA:90,1
DA:91,14
DA:92,14
DA:95,14
DA:96,0
DA:97,0
DA:98,0
DA:102,14
DA:103,14
DA:104,14
DA:105,14
DA:107,14
DA:110,14
DA:111,14
DA:112,14
DA:115,14
DA:116,1
DA:117,1
DA:118,1
DA:122,13
DA:123,1
DA:124,1
DA:125,1
DA:129,12
DA:130,2
DA:131,2
DA:135,10
DA:136,6
DA:137,6
DA:141,4
DA:142,2
DA:143,2
DA:147,2
DA:148,0
DA:149,0
DA:150,0
DA:154,2
DA:155,0
DA:156,0
DA:157,0
DA:161,2
DA:162,0
DA:163,0
DA:164,0
DA:168,2
DA:169,0
DA:170,0
DA:171,0
DA:175,2
DA:176,2
DA:177,0
DA:178,0
DA:179,0
DA:182,2
DA:186,1
DA:187,0
DA:188,0
LF:91
LH:66
BRDA:16,0,0,1
BRDA:16,0,1,13
BRDA:21,1,0,0
BRDA:21,1,1,13
BRDA:26,2,0,0
BRDA:26,2,1,13
BRDA:35,3,0,1
BRDA:35,3,1,1
BRDA:58,4,0,0
BRDA:58,4,1,2
BRDA:77,5,0,1
BRDA:77,5,1,0
BRDA:80,6,0,1
BRDA:80,6,1,0
BRDA:91,7,0,14
BRDA:91,7,1,0
BRDA:91,8,0,14
BRDA:91,8,1,0
BRDA:92,9,0,14
BRDA:92,9,1,14
BRDA:92,9,2,0
BRDA:95,10,0,0
BRDA:95,10,1,14
BRDA:115,11,0,1
BRDA:115,11,1,13
BRDA:122,12,0,1
BRDA:122,12,1,12
BRDA:129,13,0,2
BRDA:129,13,1,10
BRDA:135,14,0,6
BRDA:135,14,1,4
BRDA:141,15,0,2
BRDA:141,15,1,2
BRDA:147,16,0,0
BRDA:147,16,1,2
BRDA:147,17,0,2
BRDA:147,17,1,2
BRDA:147,17,2,2
BRDA:154,18,0,0
BRDA:154,18,1,2
BRDA:161,19,0,0
BRDA:161,19,1,2
BRDA:161,20,0,2
BRDA:161,20,1,2
BRDA:161,20,2,2
BRDA:168,21,0,0
BRDA:168,21,1,2
BRDA:176,22,0,0
BRDA:176,22,1,2
BRDA:186,23,0,0
BRDA:186,23,1,1
BRF:51
BRH:36
end_of_record
TN:
SF:server\youtubeShorts.js
FN:52,mapToCleanShort
FN:69,fetchTrendingShorts
FN:84,(anonymous_2)
FN:100,getSimulatedShorts
FN:154,handleTrendingShorts
FN:177,(anonymous_5)
FN:191,(anonymous_6)
FN:210,(anonymous_7)
FNF:8
FNH:3
FNDA:0,mapToCleanShort
FNDA:0,fetchTrendingShorts
FNDA:0,(anonymous_2)
FNDA:2,getSimulatedShorts
FNDA:2,handleTrendingShorts
FNDA:16,(anonymous_5)
FNDA:0,(anonymous_6)
FNDA:0,(anonymous_7)
DA:4,1
DA:5,1
DA:8,1
DA:11,1
DA:17,1
DA:23,1
DA:32,1
DA:37,1
DA:42,1
DA:53,0
DA:55,0
DA:60,0
DA:70,0
DA:81,0
DA:83,0
DA:84,0
DA:85,0
DA:90,0
DA:93,0
DA:96,0
DA:101,2
DA:156,2
DA:157,0
DA:158,0
DA:159,0
DA:162,2
DA:163,2
DA:166,2
DA:167,2
DA:168,2
DA:169,2
DA:170,2
DA:171,2
DA:177,16
DA:179,2
DA:183,0
DA:184,0
DA:185,0
DA:191,0
DA:193,0
DA:197,0
DA:200,0
DA:201,0
DA:203,0
DA:204,0
DA:210,0
DA:214,0
DA:217,0
DA:218,0
DA:219,0
DA:224,0
DA:227,0
DA:228,0
LF:53
LH:21
BRDA:53,0,0,0
BRDA:53,0,1,0
BRDA:55,1,0,0
BRDA:55,1,1,0
BRDA:55,1,2,0
BRDA:55,1,3,0
BRDA:83,2,0,0
BRDA:83,2,1,0
BRDA:156,3,0,0
BRDA:156,3,1,2
BRDA:166,4,0,2
BRDA:166,4,1,0
BRDA:166,4,2,0
BRDA:167,5,0,2
BRDA:167,5,1,0
BRDA:183,6,0,0
BRDA:183,6,1,0
BRDA:183,7,0,0
BRDA:183,7,1,0
BRDA:217,8,0,0
BRDA:217,8,1,0
BRDA:230,9,0,0
BRDA:230,9,1,0
BRF:23
BRH:3
end_of_record
